C51 COMPILER V9.60.7.0   89C52                                                             11/19/2023 21:58:58 PAGE 1   


C51 COMPILER V9.60.7.0, COMPILATION OF MODULE 89C52
OBJECT MODULE PLACED IN .\Objects\89C52.obj
COMPILER INVOKED BY: C:\Keil_v5\C51\BIN\C51.EXE 89C52.c OPTIMIZE(8,SPEED) BROWSE DEBUG OBJECTEXTEND PRINT(.\Listings\89C
                    -52.lst) TABS(2) OBJECT(.\Objects\89C52.obj)

line level    source

   1          #include<REGX52.h>
   2          
   3          
   4          sbit Led1  = P2^0;  
   5          sbit Led2  = P2^1;
   6          sbit Led3  = P2^2;
   7          sbit Led4  = P2^3;
   8          sbit Led5  = P2^4;
   9          sbit Led6  = P2^5;
  10          sbit Led7  = P2^6;
  11          sbit Led8  = P2^7;
  12          
  13          void Delay(int t) {
  14   1         while(t--);
  15   1      }
  16          
  17          
  18          void Display() {
  19   1        
  20   1        //Sang dan
  21   1        P2 = 0;
  22   1        P2_0 = 1;
  23   1      
  24   1        Delay(10000);
  25   1        P2_1 = 1;
  26   1      
  27   1        Delay(10000);
  28   1        P2_2 = 1;
  29   1      
  30   1        Delay(10000);
  31   1        P2_3 = 1;
  32   1      
  33   1        Delay(10000); 
  34   1        P2_4 = 1;
  35   1      
  36   1        Delay(10000); 
  37   1        P2_5 = 1;
  38   1      
  39   1        Delay(10000); 
  40   1        P2_6 = 1;
  41   1      
  42   1        Delay(10000);
  43   1        P2_7 = 1;
  44   1        
  45   1        Delay(50000);
  46   1        
  47   1        // Tat dan
  48   1        
  49   1        P2_0 = 0;
  50   1        Delay(10000);
  51   1        
  52   1        P2_1 = 0;
  53   1        Delay(10000);
  54   1        
C51 COMPILER V9.60.7.0   89C52                                                             11/19/2023 21:58:58 PAGE 2   

  55   1        P2_2 = 0;
  56   1        Delay(10000);
  57   1        
  58   1        P2_3 = 0;
  59   1        Delay(10000);
  60   1        
  61   1        P2_4 = 0;
  62   1        Delay(10000);
  63   1        
  64   1        P2_5 = 0;
  65   1        Delay(10000);
  66   1        
  67   1        P2_6 = 0;
  68   1        Delay(10000);
  69   1        
  70   1        P2_7 = 0;
  71   1        
  72   1        Delay(50000);
  73   1      
  74   1      }
  75          
  76          void CtrlLed() {
  77   1          if(P3_0 == 0){
  78   2            P2_1 = 0 ;
  79   2          }  else if(P3_1 == 0){
  80   2            P2_0 = 0 ;
  81   2          }  
  82   1      
  83   1      }
  84          
  85          void main() {
  86   1         if (P3_0 == 0 || P3_1 == 0) {
  87   2              CtrlLed();
  88   2          } else {
  89   2              Display();
  90   2          }
  91   1        }
  92          


MODULE INFORMATION:   STATIC OVERLAYABLE
   CODE SIZE        =    131    ----
   CONSTANT SIZE    =   ----    ----
   XDATA SIZE       =   ----    ----
   PDATA SIZE       =   ----    ----
   DATA SIZE        =   ----    ----
   IDATA SIZE       =   ----    ----
   BIT SIZE         =   ----    ----
END OF MODULE INFORMATION.


C51 COMPILATION COMPLETE.  0 WARNING(S),  0 ERROR(S)
