C51 COMPILER V9.60.7.0   XPT2046                                                           11/13/2023 10:54:18 PAGE 1   


C51 COMPILER V9.60.7.0, COMPILATION OF MODULE XPT2046
OBJECT MODULE PLACED IN XPT2046.OBJ
COMPILER INVOKED BY: C:\Keil_v5\C51\BIN\C51.EXE XPT2046.c OPTIMIZE(8,SPEED) BROWSE INCDIR(..\00-libfiles) DEBUG OBJECTEX
                    -TEND TABS(2)

line level    source

   1          #include"XPT2046.h"
   2          
   3          
   4          void SPI_Start(void)
   5          {
   6   1        CLK = 0;
   7   1        CS  = 1;
   8   1        DIN = 1;
   9   1        CLK = 1;
  10   1        CS  = 0;    
  11   1      }
  12          
  13          
  14          void SPI_Write(uchar dat)
  15          {
  16   1        uchar i;
  17   1        CLK = 0;
  18   1        for(i=0; i<8; i++)
  19   1        {
  20   2          DIN = dat >> 7;   
  21   2          dat <<= 1;
  22   2          CLK = 0;      
  23   2      
  24   2          CLK = 1;
  25   2      
  26   2        }
  27   1      }
  28          
  29          
  30          uint SPI_Read(void)
  31          {
  32   1        uint i, dat=0;
  33   1        CLK = 0;
  34   1        for(i=0; i<12; i++)   
  35   1        {
  36   2          dat <<= 1;
  37   2      
  38   2          CLK = 1;
  39   2          CLK = 0;
  40   2      
  41   2          dat |= DOUT;
  42   2      
  43   2        }
  44   1        return dat; 
  45   1      }
  46          
  47          
  48          uint Read_AD_Data(uchar cmd)
  49          {
  50   1        uchar i;
  51   1        uint AD_Value;
  52   1        CLK = 0;
  53   1        CS  = 0;
  54   1        SPI_Write(cmd);
C51 COMPILER V9.60.7.0   XPT2046                                                           11/13/2023 10:54:18 PAGE 2   

  55   1        for(i=6; i>0; i--);   
  56   1        CLK = 1;    
  57   1        _nop_();
  58   1        _nop_();
  59   1        CLK = 0;
  60   1        _nop_();
  61   1        _nop_();
  62   1        AD_Value=SPI_Read();
  63   1        CS = 1;
  64   1        return AD_Value;  
  65   1      }


MODULE INFORMATION:   STATIC OVERLAYABLE
   CODE SIZE        =    100    ----
   CONSTANT SIZE    =   ----    ----
   XDATA SIZE       =   ----    ----
   PDATA SIZE       =   ----    ----
   DATA SIZE        =   ----    ----
   IDATA SIZE       =   ----    ----
   BIT SIZE         =   ----    ----
END OF MODULE INFORMATION.


C51 COMPILATION COMPLETE.  0 WARNING(S),  0 ERROR(S)
