C51 COMPILER V9.60.7.0   DIEUKHIEN                                                         10/09/2023 09:49:52 PAGE 1   


C51 COMPILER V9.60.7.0, COMPILATION OF MODULE DIEUKHIEN
OBJECT MODULE PLACED IN .\Objects\dieukhien.obj
COMPILER INVOKED BY: C:\Keil_v5\C51\BIN\C51.EXE dieukhien.c OPTIMIZE(8,SPEED) BROWSE DEBUG OBJECTEXTEND PRINT(.\Listings
                    -\dieukhien.lst) TABS(2) OBJECT(.\Objects\dieukhien.obj)

line level    source

   1          #include <REGX52.H>
   2          #include "delay100ms.h"
   3          
   4          #define matrixled_col P0
   5          
   6          sbit SER = P3^4; //74HC595
   7          sbit RCK = P3^5;
   8          sbit SCK = P3^6;
   9          
  10          
  11          void hc74595_wrbyte(unsigned char byte)
  12          {
  13   1          unsigned char i;
  14   1          for(i=0;i<8;i++)
  15   1          {
  16   2              SER = byte & (0x80>>i);
  17   2              SCK = 1;
  18   2              SCK = 0;
  19   2          }
  20   1          RCK = 1;
  21   1          RCK = 0;
  22   1      }
  23          
  24          
  25          void matrix_khoitao()
  26          {
  27   1          SCK = 0;
  28   1          RCK = 0;
  29   1      }
  30          
  31          
  32          void matrix_show(unsigned char column,dat)
  33          {
  34   1          hc74595_wrbyte(dat);
  35   1          matrixled_col = ~(0x80>>column);
  36   1          delay100ms(7);
  37   1          matrixled_col = 0xff;
  38   1      }


MODULE INFORMATION:   STATIC OVERLAYABLE
   CODE SIZE        =     84    ----
   CONSTANT SIZE    =   ----    ----
   XDATA SIZE       =   ----    ----
   PDATA SIZE       =   ----    ----
   DATA SIZE        =   ----    ----
   IDATA SIZE       =   ----    ----
   BIT SIZE         =   ----    ----
END OF MODULE INFORMATION.


C51 COMPILATION COMPLETE.  0 WARNING(S),  0 ERROR(S)
