C51 COMPILER V9.60.7.0   CTRL8LED                                                          11/19/2023 22:08:20 PAGE 1   


C51 COMPILER V9.60.7.0, COMPILATION OF MODULE CTRL8LED
OBJECT MODULE PLACED IN .\Objects\Ctrl8Led.obj
COMPILER INVOKED BY: C:\Keil_v5\C51\BIN\C51.EXE Ctrl8Led.c OPTIMIZE(8,SPEED) BROWSE DEBUG OBJECTEXTEND PRINT(.\Listings\
                    -Ctrl8Led.lst) TABS(2) OBJECT(.\Objects\Ctrl8Led.obj)

line level    source

   1          #include<REGX52.h>
   2          
   3          unsigned char code Code8Led[] = {0xFF, 0x7F, 0x3F, 0x1F, 0xF, 0x7, 0x3, 0x1, 0x00};
   4          
   5          unsigned char code Code7Seg[] = {0x3f,0x06,0x5b,0x4f,0x66,0x6d,0x7d,0x07,0x7f,0x6f};
   6          
   7          
   8          sbit Led1  = P2^0;  
   9          sbit Led2  = P2^1;
  10          sbit Led3  = P2^2;
  11          sbit Led4  = P2^3;
  12          sbit Led5  = P2^4;
  13          sbit Led6  = P2^5;
  14          sbit Led7  = P2^6;
  15          sbit Led8  = P2^7;
  16          
  17          void Delay(int time) {
  18   1        while(time--);
  19   1      }
  20          
  21          
  22          void CtrlLed() {
  23   1        int counter;
  24   1        //light up
  25   1        for(counter=0; counter<=8; counter++) {
  26   2          P2 = Code8Led[counter];;
  27   2          Delay(3000);
  28   2        }
  29   1        //light down
  30   1        for(counter=8; counter>=0; counter--) {
  31   2          P2 = Code8Led[counter];;
  32   2          Delay(3000);
  33   2        } 
  34   1      }
  35          
  36          void OnOffLed() {
  37   1        if(P3_0 == 0) {
  38   2          while(1){
  39   3            Led1 = 0;
  40   3        }
  41   2        } else if(P3_1 == 0){
  42   2          while(1){
  43   3            Led2 = 0;
  44   3        }
  45   2        } else if(P3_2 == 0){
  46   2          while(1){
  47   3            Led3 = 0;
  48   3        }
  49   2        } else if(P3_3 == 0){
  50   2          while(1){
  51   3            Led4 = 0;
  52   3        }
  53   2        }
  54   1      }
C51 COMPILER V9.60.7.0   CTRL8LED                                                          11/19/2023 22:08:20 PAGE 2   

  55          
  56          //Thiet lap ham hien thi bang Led 7 doan
  57          void Display() {
  58   1        unsigned char chuc, dvi;
  59   1        int counter;
  60   1        int delayDisplay;
  61   1        for(counter = 0 ; counter <= 99 ; counter ++) {
  62   2          
  63   2          chuc = counter/10;  
  64   2          dvi = counter%10;
  65   2          
  66   2          P0 = Code7Seg[chuc];
  67   2          P2_1 = 0;
  68   2          Delay(30000);
  69   2          P2_1 = 1;
  70   2      
  71   2          P0 = Code7Seg[dvi];
  72   2          P2_5 = 0;
  73   2          Delay(30000);
  74   2          P2_5 = 1;}
  75   1            
  76   1        
  77   1        
  78   1      }
*** WARNING C280 IN LINE 60 OF Ctrl8Led.c: 'delayDisplay': unreferenced local variable
  79          
  80          void main() {
  81   1        Display();
  82   1      }
  83          


MODULE INFORMATION:   STATIC OVERLAYABLE
   CODE SIZE        =    170    ----
   CONSTANT SIZE    =     19    ----
   XDATA SIZE       =   ----    ----
   PDATA SIZE       =   ----    ----
   DATA SIZE        =   ----       3
   IDATA SIZE       =   ----    ----
   BIT SIZE         =   ----    ----
END OF MODULE INFORMATION.


C51 COMPILATION COMPLETE.  1 WARNING(S),  0 ERROR(S)
