C51 COMPILER V9.60.7.0   DS1302                                                            10/02/2023 08:18:12 PAGE 1   


C51 COMPILER V9.60.7.0, COMPILATION OF MODULE DS1302
OBJECT MODULE PLACED IN .\Objects\ds1302.obj
COMPILER INVOKED BY: C:\Keil_v5\C51\BIN\C51.EXE ds1302.c OPTIMIZE(8,SPEED) BROWSE DEBUG OBJECTEXTEND PRINT(.\Listings\ds
                    -1302.lst) TABS(2) OBJECT(.\Objects\ds1302.obj)

line level    source

   1          #include <REGX52.H>
   2          #include"ds1302.h"
   3          
   4          sbit DS1302_SCLK    = P3^6;
   5          sbit DS1302_IO        = P3^4;
   6          sbit DS1302_CE        = P3^5;
   7          
   8          #define DS1302_SECOND_ADDR    0x80    
   9          #define DS1302_MINUTE_ADDR    0x82   
  10          #define DS1302_HOUR_ADDR    0x84   
  11          #define DS1302_DATE_ADDR    0x86   
  12          #define DS1302_MONTH_ADDR    0x88  
  13          #define DS1302_DAY_ADDR        0x8A 
  14          #define DS1302_YEAR_ADDR    0x8C 
  15          #define DS1302_WP_ADDR        0x8E   
  16          
  17          unsigned char DS1302_Time[]={22,8,7,20,8,55,7};
  18          // Nam, thang, ngay, gio, phut, giay, tuan
  19          
  20          
  21          void DS1302_Init(void)
  22          {
  23   1          DS1302_CE = 0;
  24   1          DS1302_SCLK = 0;
  25   1      }
  26          
  27          void DS1302_WriteByte(unsigned char Command,Data)
  28          {
  29   1          unsigned char i;
  30   1          DS1302_CE = 1;
  31   1          
  32   1          for(i=0;i<8;i++)
  33   1          {
  34   2              DS1302_IO = Command & (0x01<<i); 
  35   2              DS1302_SCLK = 1;
  36   2              DS1302_SCLK = 0;
  37   2          }
  38   1          
  39   1          for(i=0;i<8;i++)
  40   1          {
  41   2              DS1302_IO = Data & (0x01<<i);
  42   2              DS1302_SCLK = 1;
  43   2              DS1302_SCLK = 0;
  44   2          }
  45   1          
  46   1          DS1302_CE = 0;
  47   1      }
  48          
  49          
  50          unsigned char DS1302_ReadByte(unsigned char Command)
  51          {
  52   1          unsigned char i;
  53   1          unsigned char Data = 0x00;
  54   1          
C51 COMPILER V9.60.7.0   DS1302                                                            10/02/2023 08:18:12 PAGE 2   

  55   1          Command = Command | 0x01;
  56   1          
  57   1          DS1302_CE = 1;
  58   1          
  59   1          for(i=0;i<8;i++)
  60   1          {
  61   2              DS1302_IO = Command & (0x01<<i);
  62   2              DS1302_SCLK = 0;
  63   2              DS1302_SCLK = 1;      
  64   2          }
  65   1          
  66   1          for(i=0;i<8;i++)
  67   1          {
  68   2              DS1302_SCLK = 1;
  69   2              DS1302_SCLK = 0;
  70   2              if(DS1302_IO) {Data = Data | (0x01<<i);}
  71   2          }
  72   1          
  73   1          DS1302_CE = 0;
  74   1          DS1302_IO = 0;
  75   1          return Data;
  76   1      }
  77          
  78          
  79          void DS1302_SetTime(void)
  80          {
  81   1          DS1302_WriteByte(DS1302_WP_ADDR,0x00);   
  82   1          DS1302_WriteByte(DS1302_YEAR_ADDR,        DS1302_Time[0]/10*16+DS1302_Time[0]%10);    //nam
  83   1          DS1302_WriteByte(DS1302_MONTH_ADDR,        DS1302_Time[1]/10*16+DS1302_Time[1]%10);   //thang
  84   1          DS1302_WriteByte(DS1302_DATE_ADDR,        DS1302_Time[2]/10*16+DS1302_Time[2]%10);    
  85   1          DS1302_WriteByte(DS1302_HOUR_ADDR,        DS1302_Time[3]/10*16+DS1302_Time[3]%10);   
  86   1          DS1302_WriteByte(DS1302_MINUTE_ADDR,    DS1302_Time[4]/10*16+DS1302_Time[4]%10);    
  87   1          DS1302_WriteByte(DS1302_SECOND_ADDR,    DS1302_Time[5]/10*16+DS1302_Time[5]%10);    
  88   1          DS1302_WriteByte(DS1302_DAY_ADDR,        DS1302_Time[6]/10*16+DS1302_Time[6]%10);    
  89   1          DS1302_WriteByte(DS1302_WP_ADDR,0x80);
  90   1      }
  91          
  92          
  93          void DS1302_ReadTime(void)
  94          {
  95   1          unsigned char Temp;
  96   1          Temp = DS1302_ReadByte(DS1302_YEAR_ADDR);     DS1302_Time[0]=Temp/16*10+Temp%16;
  97   1          Temp = DS1302_ReadByte(DS1302_MONTH_ADDR);     DS1302_Time[1]=Temp/16*10+Temp%16;
  98   1          Temp = DS1302_ReadByte(DS1302_DATE_ADDR);     DS1302_Time[2]=Temp/16*10+Temp%16;
  99   1          Temp = DS1302_ReadByte(DS1302_HOUR_ADDR);     DS1302_Time[3]=Temp/16*10+Temp%16;
 100   1          Temp = DS1302_ReadByte(DS1302_MINUTE_ADDR); DS1302_Time[4]=Temp/16*10+Temp%16;
 101   1          Temp = DS1302_ReadByte(DS1302_SECOND_ADDR);    DS1302_Time[5]=Temp/16*10+Temp%16;
 102   1          Temp = DS1302_ReadByte(DS1302_DAY_ADDR);     DS1302_Time[6]=Temp/16*10+Temp%16;
 103   1      }


MODULE INFORMATION:   STATIC OVERLAYABLE
   CODE SIZE        =    551    ----
   CONSTANT SIZE    =   ----    ----
   XDATA SIZE       =   ----    ----
   PDATA SIZE       =   ----    ----
   DATA SIZE        =      7       2
   IDATA SIZE       =   ----    ----
   BIT SIZE         =   ----    ----
END OF MODULE INFORMATION.


C51 COMPILATION COMPLETE.  0 WARNING(S),  0 ERROR(S)
