C51 COMPILER V9.60.7.0   TIME                                                              09/18/2023 10:27:34 PAGE 1   


C51 COMPILER V9.60.7.0, COMPILATION OF MODULE TIME
OBJECT MODULE PLACED IN .\Objects\Time.obj
COMPILER INVOKED BY: C:\Keil_v5\C51\BIN\C51.EXE Time.c OPTIMIZE(8,SPEED) BROWSE DEBUG OBJECTEXTEND PRINT(.\Listings\Time
                    -.lst) TABS(2) OBJECT(.\Objects\Time.obj)

line level    source

   1          #include <REGX52.h>
   2          #include<intrins.h>
   3          
   4          #define GPIO_DIG P0
   5          
   6          sbit K1=P3^1;
   7          sbit K2=P3^0;
   8          sbit K3=P3^3;
   9          
  10          void delay(int t) {
  11   1        int j,y;
  12   1        for (j = 0;j<=t;j++){
  13   2          for (y = 0;y<123;y++);
  14   2        }
  15   1      }
  16          char Num[] = {0xff, 0xfb, 0xf7, 0xf3, 0xef, 0xeb, 0xe7, 0xe3};
  17          unsigned char Led[] = {0x3f,0x06,0x5b,0x4f,0x66,0x6d,0x7d,0x07,0x7f,0x6f};
  18          void main() {
  19   1        unsigned char gio,phut,giay;
  20   1        unsigned char chuc,donvi;
  21   1        int i,tictac;
  22   1        tictac = 0;
  23   1        gio  = 10;
  24   1        phut = 0;
  25   1        giay = 0;
  26   1        
  27   1      
  28   1        
  29   1        while(1) {
  30   2          for (i = 0;i<167;i++) {
  31   3            
  32   3          // gio
  33   3          if(K1==0)         
  34   3          {
  35   4              gio++;
  36   4              delay(200);
  37   4            if(gio>24)
  38   4                gio=0;
  39   4            } 
  40   3      
  41   3          // phut
  42   3          if(K2==0)         
  43   3          {
  44   4              phut++;
  45   4              delay(100);
  46   4              if(phut>60)
  47   4                phut=0;
  48   4          }
  49   3            
  50   3        //gio
  51   3            chuc = gio/10;
  52   3            donvi = gio%10;
  53   3            P0 = Led[chuc];
  54   3            P2 = Num[0];
C51 COMPILER V9.60.7.0   TIME                                                              09/18/2023 10:27:34 PAGE 2   

  55   3            delay(1);
  56   3            P0 = 0x00;
  57   3      
  58   3            P0 = Led[donvi];
  59   3            P2 = Num[1];
  60   3            delay(1);
  61   3            P0 = 0x00;
  62   3        //phut
  63   3            chuc = phut/10;
  64   3            donvi = phut%10;
  65   3            P0 = Led[chuc];
  66   3            P2 = Num[3];
  67   3            delay(1);
  68   3            P0 = 0x00;
  69   3      
  70   3            P0 = Led[donvi];
  71   3            P2 = Num[4];
  72   3            delay(1);
  73   3            P0 = 0x00;
  74   3        //giay
  75   3            chuc = giay/10;
  76   3            donvi = giay%10;
  77   3            P0 = Led[chuc];
  78   3            P2 = Num[6];
  79   3            delay(1);
  80   3            P0 = 0x00;
  81   3      
  82   3            P0 = Led[donvi];
  83   3            P2 = Num[7];
  84   3            delay(1);
  85   3            P0 = 0x00;
  86   3      
  87   3        //bo dem
  88   3            tictac++;
  89   3            if (tictac == 80) {
  90   4              tictac = 0;   
  91   4              giay++;
  92   4              if (giay == 60) {
  93   5                giay = 0;
  94   5                phut++;
  95   5                  if (phut == 60) {
  96   6                    phut = 0;
  97   6                    gio++;
  98   6                      if (gio == 24) {
  99   7                        gio = 0;
 100   7                      }
 101   6                  }
 102   5              }
 103   4            }
 104   3          }
 105   2        }
 106   1      }


MODULE INFORMATION:   STATIC OVERLAYABLE
   CODE SIZE        =    304    ----
   CONSTANT SIZE    =   ----    ----
   XDATA SIZE       =   ----    ----
   PDATA SIZE       =   ----    ----
   DATA SIZE        =     18       5
   IDATA SIZE       =   ----    ----
   BIT SIZE         =   ----    ----
C51 COMPILER V9.60.7.0   TIME                                                              09/18/2023 10:27:34 PAGE 3   

END OF MODULE INFORMATION.


C51 COMPILATION COMPLETE.  0 WARNING(S),  0 ERROR(S)
