C51 COMPILER V9.60.7.0   7CHO                                                              09/11/2023 10:01:42 PAGE 1   


C51 COMPILER V9.60.7.0, COMPILATION OF MODULE 7CHO
OBJECT MODULE PLACED IN .\Objects\7cho.obj
COMPILER INVOKED BY: C:\Keil_v5\C51\BIN\C51.EXE 7cho.c OPTIMIZE(8,SPEED) BROWSE DEBUG OBJECTEXTEND PRINT(.\Listings\7cho
                    -.lst) TABS(2) OBJECT(.\Objects\7cho.obj)

line level    source

   1          #include<reg51.h>
   2          
   3          
   4          #define GPIO_DIG P0
   5          
   6          sbit L1=P2^2;
   7          sbit L2=P2^3;
   8          sbit L3=P2^4;
   9          
  10          sbit K1=P3^1;
  11          sbit K2=P3^0;
  12          
  13          unsigned char code DIG_CODE[10]={0x3f,0x06,0x5b,0x4f,0x66,0x6d,0x7d,0x07,0x7f,0x6f};
  14          
  15          void Delay10ms();  
  16          void main(void)
  17          {
  18   1        unsigned int i,j;
  19   1        L1=0;
  20   1        L2=0;
  21   1        L3=0;
  22   1        while(1)
  23   1        {     
  24   2          // tang
  25   2          if(K1==0)         
  26   2          {
  27   3            Delay10ms();
  28   3            if(K1==0)
  29   3            {
  30   4              j++;
  31   4              if(j>9)
  32   4                j=0;
  33   4            }   
  34   3            while((i<50)&&(K1==0))
  35   3            {
  36   4              Delay10ms();
  37   4              i++;
  38   4            }
  39   3            i=0;
  40   3          }
  41   2          // giam
  42   2          if(K2==0)     
  43   2          {
  44   3            Delay10ms();
  45   3            if(K2==0)
  46   3            {
  47   4              j--;
  48   4              if(j>9)
  49   4                j=9;        
  50   4            }
  51   3            while((i<50)&&(K2==0))
  52   3            {
  53   4              Delay10ms();
  54   4              i++;
C51 COMPILER V9.60.7.0   7CHO                                                              09/11/2023 10:01:42 PAGE 2   

  55   4            }
  56   3            i=0;
  57   3          }
  58   2          
  59   2          
  60   2          GPIO_DIG=DIG_CODE[j];
  61   2        }       
  62   1      }
  63          void Delay10ms(void)   
  64          {
  65   1          unsigned char a,b,c;
  66   1          for(c=1;c>0;c--)
  67   1              for(b=38;b>0;b--)
  68   1                  for(a=130;a>0;a--);
  69   1      }


MODULE INFORMATION:   STATIC OVERLAYABLE
   CODE SIZE        =    167    ----
   CONSTANT SIZE    =     10    ----
   XDATA SIZE       =   ----    ----
   PDATA SIZE       =   ----    ----
   DATA SIZE        =   ----       4
   IDATA SIZE       =   ----    ----
   BIT SIZE         =   ----    ----
END OF MODULE INFORMATION.


C51 COMPILATION COMPLETE.  0 WARNING(S),  0 ERROR(S)
