C51 COMPILER V9.60.7.0   MAIN                                                              10/02/2023 08:16:03 PAGE 1   


C51 COMPILER V9.60.7.0, COMPILATION OF MODULE MAIN
OBJECT MODULE PLACED IN main.OBJ
COMPILER INVOKED BY: C:\Keil_v5\C51\BIN\C51.EXE main.c OPTIMIZE(8,SPEED) BROWSE DEBUG OBJECTEXTEND TABS(2)

line level    source

   1          #include<reg51.h>
   2          #include"lcd.h"
   3          #include"temp.h"
   4          #include"ds1302.h"
   5          
   6          
   7          
   8          typedef unsigned char uint8;
   9          typedef unsigned int uint16;
  10          typedef unsigned long uint32;
  11          
  12          sbit K1=P3^1;
  13          sbit K2=P3^0;
  14          sbit K3=P3^2;
  15          sbit K4=P3^3;
  16          sbit beep=P1^5;
  17          
  18          
  19          void Int0Configuration();
  20          unsigned char SetState,SetPlace;
  21          void Delay10ms(void);
  22          
  23          uchar CNCHAR[6] = "E";
  24          void LcdDisplay(int);
  25          void UsartConfiguration();
  26          
  27          
  28          
  29          
  30          void main()
  31          {
  32   1        unsigned char i;
  33   1        
  34   1        Int0Configuration();
  35   1        UsartConfiguration();
  36   1        Ds1302Init();
*** WARNING C206 IN LINE 36 OF main.c: 'Ds1302Init': missing function-prototype
  37   1        LcdInit();      
  38   1        LcdWriteCom(0x8F+0x40);
  39   1        LcdWriteData('C'); 
  40   1        while(1)
  41   1        {
  42   2          if(SetState==0)
  43   2          {
  44   3            Ds1302ReadTime();
*** WARNING C206 IN LINE 44 OF main.c: 'Ds1302ReadTime': missing function-prototype
  45   3          }
  46   2          else
  47   2          {
  48   3            if(K1==0) 
  49   3            {
  50   4              Delay10ms();
  51   4              if(K1==0)
  52   4              {
  53   5                SetPlace++;
C51 COMPILER V9.60.7.0   MAIN                                                              10/02/2023 08:16:03 PAGE 2   

  54   5                if(SetPlace>=7)
  55   5                  SetPlace=0;         
  56   5              }
  57   4      
  58   4              while((i<50)&&(K1==0))
  59   4              {
  60   5                Delay10ms();
  61   5                i++;
  62   5              }
  63   4              i=0;
  64   4            }
  65   3            if(K2==0) 
  66   3            {
  67   4              Delay10ms();
  68   4              if(K2==0)
  69   4              {
  70   5                TIME[SetPlace]++;
*** ERROR C202 IN LINE 70 OF main.c: 'TIME': undefined identifier
  71   5                if((TIME[SetPlace]&0x0f)>9) 
*** ERROR C202 IN LINE 71 OF main.c: 'TIME': undefined identifier
  72   5                {
  73   6                  TIME[SetPlace]=TIME[SetPlace]+6;
*** ERROR C202 IN LINE 73 OF main.c: 'TIME': undefined identifier
  74   6                }
  75   5                if((TIME[SetPlace]>=0x60)&&(SetPlace<2))
*** ERROR C202 IN LINE 75 OF main.c: 'TIME': undefined identifier
  76   5                {
  77   6                  TIME[SetPlace]=0;
*** ERROR C202 IN LINE 77 OF main.c: 'TIME': undefined identifier
  78   6                }
  79   5                if((TIME[SetPlace]>=0x24)&&(SetPlace==2))
*** ERROR C202 IN LINE 79 OF main.c: 'TIME': undefined identifier
  80   5                {
  81   6                  TIME[SetPlace]=0;
*** ERROR C202 IN LINE 81 OF main.c: 'TIME': undefined identifier
  82   6                }
  83   5                if((TIME[SetPlace]>=0x32)&&(SetPlace==3))
*** ERROR C202 IN LINE 83 OF main.c: 'TIME': undefined identifier
  84   5                {
  85   6                  TIME[SetPlace]=0; 
*** ERROR C202 IN LINE 85 OF main.c: 'TIME': undefined identifier
  86   6                }
  87   5                if((TIME[SetPlace]>=0x13)&&(SetPlace==4))
*** ERROR C202 IN LINE 87 OF main.c: 'TIME': undefined identifier
  88   5                {
  89   6                  TIME[SetPlace]=0;
*** ERROR C202 IN LINE 89 OF main.c: 'TIME': undefined identifier
  90   6                } 
  91   5                if((TIME[SetPlace]>=0x7)&&(SetPlace==5))
*** ERROR C202 IN LINE 91 OF main.c: 'TIME': undefined identifier
  92   5                {
  93   6                  TIME[SetPlace]=1;
*** ERROR C202 IN LINE 93 OF main.c: 'TIME': undefined identifier
  94   6                }   
  95   5              }
  96   4              
  97   4              while((i<50)&&(K2==0))
  98   4              {
  99   5                Delay10ms();
 100   5                i++;
 101   5              }
 102   4              i=0;
C51 COMPILER V9.60.7.0   MAIN                                                              10/02/2023 08:16:03 PAGE 3   

 103   4          
 104   4        }
 105   3      }
 106   2          
 107   2          LcdDisplay(Ds18b20ReadTemp());
 108   2          
 109   2      
 110   2        }
 111   1        
 112   1      }
 113          
 114          
 115          void LcdDisplay(int temp)
 116          {
 117   1          unsigned int tempbeem;
 118   1          unsigned char i, datas[] = {0, 0, 0, 0, 0};
 119   1        float tp;
 120   1        if(temp< 0)
 121   1          {
 122   2            LcdWriteCom(0x89+0x40);
 123   2          SBUF='-';
 124   2          while(!TI);
 125   2          TI=0;
 126   2            LcdWriteData('-');
 127   2          temp=temp-1;
 128   2          temp=~temp;
 129   2          tp=temp;
 130   2          temp=tp*0.0625*100+0.5; 
 131   2       
 132   2          }
 133   1        else
 134   1          {     
 135   2            LcdWriteCom(0x89+0x40);
 136   2            LcdWriteData('+');
 137   2          SBUF='+';
 138   2          while(!TI);
 139   2          TI=0;
 140   2          tp=temp;
 141   2          temp=tp*0.0625*100+0.5; 
 142   2        }   
 143   1      
 144   1        datas[0] = temp % 10000 / 1000;
 145   1        datas[1] = temp % 1000 / 100;
 146   1        datas[2] = temp % 100 / 10;
 147   1        datas[3] = temp % 10 / 1;
 148   1        
 149   1        
 150   1        LcdWriteCom(0x8A+0x40); 
 151   1        LcdWriteData('0'+datas[0]);
 152   1        SBUF = '0'+datas[0];
 153   1        while (!TI);
 154   1        TI = 0;
 155   1      
 156   1        LcdWriteCom(0x8B+0x40);
 157   1        LcdWriteData('0'+datas[1]);
 158   1        SBUF = '0'+datas[1];
 159   1        while (!TI);
 160   1        TI = 0;
 161   1      
 162   1        LcdWriteCom(0x8C+0x40);
 163   1        LcdWriteData('.');
 164   1        SBUF = '.';
C51 COMPILER V9.60.7.0   MAIN                                                              10/02/2023 08:16:03 PAGE 4   

 165   1        while (!TI);
 166   1        TI = 0;
 167   1      
 168   1        LcdWriteCom(0x8D+0x40);
 169   1        LcdWriteData('0'+datas[2]);
 170   1        SBUF = '0'+datas[2];
 171   1        while (!TI);
 172   1        TI = 0;
 173   1        
 174   1        LcdWriteCom(0x8E+0x40);
 175   1        LcdWriteData('0'+datas[3]); 
 176   1        SBUF = '0'+datas[3];
 177   1        while (!TI);
 178   1        TI = 0;
 179   1      
 180   1        for(i=0; i<6; i++)
 181   1        {
 182   2          SBUF = CNCHAR[i];
 183   2          while (!TI);
 184   2          TI = 0;
 185   2        }
 186   1         
 187   1         LcdWriteCom(0x80+0X40);
 188   1        LcdWriteData('0'+TIME[2]/16);
*** ERROR C202 IN LINE 188 OF main.c: 'TIME': undefined identifier
 189   1        LcdWriteData('0'+(TIME[2]&0x0f));        
*** ERROR C202 IN LINE 189 OF main.c: 'TIME': undefined identifier
 190   1        LcdWriteData(':');
 191   1        LcdWriteData('0'+TIME[1]/16);
*** ERROR C202 IN LINE 191 OF main.c: 'TIME': undefined identifier
 192   1        LcdWriteData('0'+(TIME[1]&0x0f)); 
*** ERROR C202 IN LINE 192 OF main.c: 'TIME': undefined identifier
 193   1        LcdWriteData(':');
 194   1        LcdWriteData('0'+TIME[0]/16);
*** ERROR C202 IN LINE 194 OF main.c: 'TIME': undefined identifier
 195   1        LcdWriteData('0'+(TIME[0]&0x0f));
*** ERROR C202 IN LINE 195 OF main.c: 'TIME': undefined identifier
 196   1        
 197   1        LcdWriteCom(0x83);
 198   1        LcdWriteData('2');
 199   1        LcdWriteData('0');
 200   1        LcdWriteData('0'+TIME[6]/16);
*** ERROR C202 IN LINE 200 OF main.c: 'TIME': undefined identifier
 201   1        LcdWriteData('0'+(TIME[6]&0x0f));
*** ERROR C202 IN LINE 201 OF main.c: 'TIME': undefined identifier
 202   1        LcdWriteData('-');
 203   1        LcdWriteData('0'+TIME[4]/16);
*** ERROR C202 IN LINE 203 OF main.c: 'TIME': undefined identifier
 204   1        LcdWriteData('0'+(TIME[4]&0x0f));
*** ERROR C202 IN LINE 204 OF main.c: 'TIME': undefined identifier
 205   1        LcdWriteData('-');
 206   1        LcdWriteData('0'+TIME[3]/16);
*** ERROR C202 IN LINE 206 OF main.c: 'TIME': undefined identifier
 207   1        LcdWriteData('0'+(TIME[3]&0x0f));
*** ERROR C202 IN LINE 207 OF main.c: 'TIME': undefined identifier
 208   1        
 209   1           tempbeem=temp / 100;
 210   1           if(tempbeem>22&&tempbeem<32)
 211   1         {
 212   2        beep = ~beep;
 213   2           
 214   2         }
C51 COMPILER V9.60.7.0   MAIN                                                              10/02/2023 08:16:03 PAGE 5   

 215   1      }
 216          
 217          
 218          void UsartConfiguration()
 219          {
 220   1        SCON=0X50;
 221   1        TMOD=0X20;
 222   1        PCON=0X80;
 223   1        TH1=0XF3;
 224   1        TL1=0XF3;
 225   1        TR1=1;
 226   1      }
 227          
 228          
 229          
 230          void Int0Configuration()
 231          {
 232   1        IT0=1;
 233   1        EX0=1;
 234   1        EA=1;
 235   1      }
 236          
 237          void Int0() interrupt 0    
 238          {
 239   1        Delay10ms();
 240   1        if(K3==0)
 241   1        {
 242   2          SetState=~SetState;
 243   2          SetPlace=0;
 244   2          Ds1302Init(); 
 245   2        }
 246   1      }
 247          
 248          void Delay10ms(void)
 249          {
 250   1          unsigned char a,b,c;
 251   1          for(c=1;c>0;c--)
 252   1              for(b=38;b>0;b--)
 253   1                  for(a=130;a>0;a--);
 254   1      }

C51 COMPILATION COMPLETE.  2 WARNING(S),  25 ERROR(S)
