C51 COMPILER V9.60.7.0   TEMP                                                              10/02/2023 08:16:03 PAGE 1   


C51 COMPILER V9.60.7.0, COMPILATION OF MODULE TEMP
OBJECT MODULE PLACED IN temp.OBJ
COMPILER INVOKED BY: C:\Keil_v5\C51\BIN\C51.EXE temp.c OPTIMIZE(8,SPEED) BROWSE DEBUG OBJECTEXTEND TABS(2)

line level    source

   1          #include"temp.h"
   2          
   3          
   4          void Delay1ms(unsigned int y)
   5          {
   6   1        unsigned int x;
   7   1        for(y;y>0;y--)
   8   1          for(x=110;x>0;x--);
   9   1      }
  10          
  11          unsigned char Ds18b20Init()
  12          {
  13   1        unsigned int i;
  14   1        DSPORT=0;      //将总线拉低480us~960us
  15   1        i=70; 
  16   1        while(i--);//延时642us
  17   1        DSPORT=1;     //然后拉高总线，如果DS18B20做出反应会将在15us~60us后总线拉低
  18   1        i=0;
  19   1        while(DSPORT) //等待DS18B20拉低总线
  20   1        {
  21   2          i++;
  22   2          if(i>5000)//等待>5MS
  23   2            return 0;//初始化失败 
  24   2        }
  25   1        return 1;//初始化成功
  26   1      }
  27          
  28          /*******************************************************************************
  29          * 函数名         : Ds18b20WriteByte
  30          * 函数功能       : 向18B20写入一个字节
  31          * 输入           : com
  32          * 输出           : 无
  33          *******************************************************************************/
  34          
  35          void Ds18b20WriteByte(unsigned char dat)
  36          {
  37   1        unsigned int i,j;
  38   1        for(j=0;j<8;j++)
  39   1        {
  40   2          DSPORT=0;     //每写入一位数据之前先把总线拉低1us
  41   2          i++;
  42   2          DSPORT=dat&0x01; //然后写入一个数据，从最低位开始
  43   2          i=6;
  44   2          while(i--); //延时68us，持续时间最少60us
  45   2          DSPORT=1; //然后释放总线，至少1us给总线恢复时间才能接着写入第二个数值
  46   2          dat>>=1;
  47   2        }
  48   1      }
  49          /*******************************************************************************
  50          * 函数名         : Ds18b20ReadByte
  51          * 函数功能       : 读取一个字节
  52          * 输入           : com
  53          * 输出           : 无
  54          *******************************************************************************/
  55          
C51 COMPILER V9.60.7.0   TEMP                                                              10/02/2023 08:16:03 PAGE 2   

  56          
  57          unsigned char Ds18b20ReadByte()
  58          {
  59   1        unsigned char byte,bi;
  60   1        unsigned int i,j; 
  61   1        for(j=8;j>0;j--)
  62   1        {
  63   2          DSPORT=0;//先将总线拉低1us
  64   2          i++;
  65   2          DSPORT=1;//然后释放总线
  66   2          i++;
  67   2          i++;//延时6us等待数据稳定
  68   2          bi=DSPORT;   //读取数据，从最低位开始读取
  69   2          /*将byte左移一位，然后与上右移7位后的bi，注意移动之后移掉那位补0。*/
  70   2          byte=(byte>>1)|(bi<<7);             
  71   2          i=4;    //读取完之后等待48us再接着读取下一个数
  72   2          while(i--);
  73   2        }       
  74   1        return byte;
  75   1      }
  76          /*******************************************************************************
  77          * 函数名         : Ds18b20ChangTemp
  78          * 函数功能       : 让18b20开始转换温度
  79          * 输入           : com
  80          * 输出           : 无
  81          *******************************************************************************/
  82          
  83          void  Ds18b20ChangTemp()
  84          {
  85   1        Ds18b20Init();
  86   1        Delay1ms(1);
  87   1        Ds18b20WriteByte(0xcc);   //跳过ROM操作命令    
  88   1        Ds18b20WriteByte(0x44);     //温度转换命令
  89   1      //  Delay1ms(100);  //等待转换成功，而如果你是一直刷着的话，就不用这个延时了
  90   1         
  91   1      }
  92          /*******************************************************************************
  93          * 函数名         : Ds18b20ReadTempCom
  94          * 函数功能       : 发送读取温度命令
  95          * 输入           : com
  96          * 输出           : 无
  97          *******************************************************************************/
  98          
  99          void  Ds18b20ReadTempCom()
 100          { 
 101   1      
 102   1        Ds18b20Init();
 103   1        Delay1ms(1);
 104   1        Ds18b20WriteByte(0xcc);  //跳过ROM操作命令
 105   1        Ds18b20WriteByte(0xbe);  //发送读取温度命令
 106   1      }
 107          /*******************************************************************************
 108          * 函数名         : Ds18b20ReadTemp
 109          * 函数功能       : 读取温度
 110          * 输入           : com
 111          * 输出           : 无
 112          *******************************************************************************/
 113          
 114          int Ds18b20ReadTemp()
 115          {
 116   1        int temp=0;
 117   1        unsigned char tmh,tml;
C51 COMPILER V9.60.7.0   TEMP                                                              10/02/2023 08:16:03 PAGE 3   

 118   1        Ds18b20ChangTemp();       //先写入转换命令
 119   1        Ds18b20ReadTempCom();     //然后等待转换完后发送读取温度命令
 120   1        tml=Ds18b20ReadByte();    //读取温度值共16位，先读低字节
 121   1        tmh=Ds18b20ReadByte();    //再读高字节
 122   1        temp=tmh;
 123   1        temp<<=8;
 124   1        temp|=tml;
 125   1        return temp;
 126   1      }
 127          
 128          


MODULE INFORMATION:   STATIC OVERLAYABLE
   CODE SIZE        =    240    ----
   CONSTANT SIZE    =   ----    ----
   XDATA SIZE       =   ----    ----
   PDATA SIZE       =   ----    ----
   DATA SIZE        =   ----       3
   IDATA SIZE       =   ----    ----
   BIT SIZE         =   ----    ----
END OF MODULE INFORMATION.


C51 COMPILATION COMPLETE.  0 WARNING(S),  0 ERROR(S)
