C51 COMPILER V9.60.7.0   EXINT0                                                            10/16/2023 10:50:01 PAGE 1   


C51 COMPILER V9.60.7.0, COMPILATION OF MODULE EXINT0
OBJECT MODULE PLACED IN .\Objects\exint0.obj
COMPILER INVOKED BY: C:\Keil_v5\C51\BIN\C51.EXE exint0.c OPTIMIZE(8,SPEED) BROWSE DEBUG OBJECTEXTEND PRINT(.\Listings\ex
                    -int0.lst) TABS(2) OBJECT(.\Objects\exint0.obj)

line level    source

   1          #include <REGX52.H>
   2          
   3          void exint0_init(void)
   4          {
   5   1          IT0=1;
   6   1          IE0=0;
   7   1          EX0=1;
   8   1          EA=1;
   9   1          PX0=1;
  10   1      }


MODULE INFORMATION:   STATIC OVERLAYABLE
   CODE SIZE        =     11    ----
   CONSTANT SIZE    =   ----    ----
   XDATA SIZE       =   ----    ----
   PDATA SIZE       =   ----    ----
   DATA SIZE        =   ----    ----
   IDATA SIZE       =   ----    ----
   BIT SIZE         =   ----    ----
END OF MODULE INFORMATION.


C51 COMPILATION COMPLETE.  0 WARNING(S),  0 ERROR(S)
