C51 COMPILER V9.60.7.0   MAIN                                                              10/16/2023 10:50:01 PAGE 1   


C51 COMPILER V9.60.7.0, COMPILATION OF MODULE MAIN
OBJECT MODULE PLACED IN .\Objects\main.obj
COMPILER INVOKED BY: C:\Keil_v5\C51\BIN\C51.EXE main.c OPTIMIZE(8,SPEED) BROWSE DEBUG OBJECTEXTEND PRINT(.\Listings\main
                    -.lst) TABS(2) OBJECT(.\Objects\main.obj)

line level    source

   1          #include <REGX52.H>
   2          #include "remote.h"
   3          
   4          
   5          sbit RELAY_PIN = P0^0;
   6          sbit DIGIT_1 = P2^2;
   7          sbit DIGIT_2 = P2^3;
   8          sbit DIGIT_3 = P2^4;
   9          
  10          
  11          
  12          void displayDigit(unsigned char digit) {
  13   1          switch (digit) {
  14   2              case 0: P0 = 0x00; break;
  15   2              case 1: P0 = 0x06; break;
  16   2              case 2: P0 = 0x5b; break;
  17   2              case 3: P0 = 0x4f; break;
  18   2              case 4: P0 = 0x66; break;
  19   2              case 5: P0 = 0x6d; break;
  20   2              case 6: P0 = 0x7d; break;
  21   2              case 7: P0 = 0x07; break;
  22   2              case 8: P0 = 0x7f; break;
  23   2              case 9: P0 = 0x6f; break;
  24   2              default: P0 = 0x00; break;
  25   2          }
  26   1      }
  27          
  28          
  29          
  30          unsigned char address;
  31          unsigned char command;
  32          
  33          void main()
  34          {
  35   1            IR_init();
  36   1        
  37   1              while(1)
  38   1          {
  39   2           if (IR_getdataflag()||IR_getrepeatflag());
  40   2            {
  41   3               address =IR_getaddress();
  42   3               command=IR_getcommand();  
  43   3      
  44   3              switch(command)
  45   3              {
  46   4              case IR_1:displayDigit(0); DIGIT_1 = 1; DIGIT_2 = 1; DIGIT_3 = 1; break;
  47   4              case IR_2: displayDigit(2); DIGIT_1 = 0; DIGIT_2 = 1; DIGIT_3 = 1; break;
  48   4              case IR_3: displayDigit(3); DIGIT_1 = 1; DIGIT_2 = 0; DIGIT_3 = 1; break;
  49   4              case IR_4: displayDigit(4); DIGIT_1 = 0; DIGIT_2 = 0; DIGIT_3 = 1; break;
  50   4              case IR_5: displayDigit(5); DIGIT_1 = 1; DIGIT_2 = 1; DIGIT_3 = 0; break;
  51   4              case IR_6: displayDigit(6); DIGIT_1 = 0; DIGIT_2 = 1; DIGIT_3 = 0; break;
  52   4              case IR_7: displayDigit(7); DIGIT_1 = 1; DIGIT_2 = 0; DIGIT_3 = 0; break;
  53   4              case IR_8: displayDigit(8); DIGIT_1 = 0; DIGIT_2 = 0; DIGIT_3 = 0; break;
  54   4              default: break;
C51 COMPILER V9.60.7.0   MAIN                                                              10/16/2023 10:50:01 PAGE 2   

  55   4              }
  56   3          }
  57   2        }
  58   1      }
  59          


MODULE INFORMATION:   STATIC OVERLAYABLE
   CODE SIZE        =    235    ----
   CONSTANT SIZE    =   ----    ----
   XDATA SIZE       =   ----    ----
   PDATA SIZE       =   ----    ----
   DATA SIZE        =      2    ----
   IDATA SIZE       =   ----    ----
   BIT SIZE         =   ----    ----
END OF MODULE INFORMATION.


C51 COMPILATION COMPLETE.  0 WARNING(S),  0 ERROR(S)
