C51 COMPILER V9.60.7.0   TIMER0                                                            10/16/2023 10:50:01 PAGE 1   


C51 COMPILER V9.60.7.0, COMPILATION OF MODULE TIMER0
OBJECT MODULE PLACED IN .\Objects\timer0.obj
COMPILER INVOKED BY: C:\Keil_v5\C51\BIN\C51.EXE timer0.c OPTIMIZE(8,SPEED) BROWSE DEBUG OBJECTEXTEND PRINT(.\Listings\ti
                    -mer0.lst) TABS(2) OBJECT(.\Objects\timer0.obj)

line level    source

   1          #include <REGX52.H>
   2          
   3          
   4          void timer0_init(void)
   5          {
   6   1          TMOD &= 0xF0;
   7   1          TMOD |= 0x01;
   8   1          TL0 = 0;
   9   1          TH0 = 0;
  10   1          TF0 = 0;
  11   1          TR0 = 0;
  12   1      }
  13          
  14          void timer0_SetCounter(unsigned int value)
  15          {
  16   1          TH0=value/256;
  17   1          TL0=value%256;
  18   1      }
  19          
  20          unsigned int timer0_GetCounter(void)
  21          {
  22   1          return (TH0<<8)|TL0;
  23   1      }
  24          
  25          void timer0_Run(unsigned char Flag)
  26          {
  27   1          TR0=Flag;
  28   1      }


MODULE INFORMATION:   STATIC OVERLAYABLE
   CODE SIZE        =     42    ----
   CONSTANT SIZE    =   ----    ----
   XDATA SIZE       =   ----    ----
   PDATA SIZE       =   ----    ----
   DATA SIZE        =   ----    ----
   IDATA SIZE       =   ----    ----
   BIT SIZE         =   ----    ----
END OF MODULE INFORMATION.


C51 COMPILATION COMPLETE.  0 WARNING(S),  0 ERROR(S)
