C51 COMPILER V9.60.7.0   MAIN                                                              10/02/2023 09:23:56 PAGE 1   


C51 COMPILER V9.60.7.0, COMPILATION OF MODULE MAIN
OBJECT MODULE PLACED IN main.OBJ
COMPILER INVOKED BY: C:\Keil_v5\C51\BIN\C51.EXE main.c OPTIMIZE(8,SPEED) BROWSE DEBUG OBJECTEXTEND TABS(2)

line level    source

   1          #include <reg51.h>
   2          #include "ds1302.h"
   3          #define DIG P0
   4          
   5          sbit LSA = P2 ^ 2;
   6          sbit LSB = P2 ^ 3;
   7          sbit LSC = P2 ^ 4;
   8          sbit P3_1 = P3^1;
   9          
  10          unsigned char code DIG_CODE[10] = {0x3f, 0x06, 0x5b, 0x4f, 0x66, 0x6d, 0x7d, 0x07, 0x7f, 0x6f};
  11          unsigned char Num = 0;
  12          unsigned int disp[8] = {0x3f, 0x3f, 0x3f, 0x3f, 0x3f, 0x3f, 0x3f, 0x3f};
  13          bit displayTimeMode = 1;
  14          bit previousP3_1 = 0;
  15          
  16          
  17          void Timer0Configuration();
  18          
  19          void main() {
  20   1          Ds1302Init();
  21   1          Timer0Configuration();
  22   1          while (1) {
  23   2              Ds1302ReadTime();
  24   2        if (P3_1 == 1 && previousP3_1 == 0) 
  25   2              {
  26   3                  displayTimeMode = !displayTimeMode ;
  27   3              }
  28   2      
  29   2              previousP3_1 = P3_1;  // Thay doi che do
  30   2          if (displayTimeMode == 1) 
  31   2              {
  32   3                  // Gio
  33   3                  disp[7] = DIG_CODE[TIME[0] & 0x0f];
  34   3                  disp[6] = DIG_CODE[TIME[0] >> 4];
  35   3                  disp[5] = 0X00;
  36   3                  disp[4] = DIG_CODE[TIME[1] & 0x0f];
  37   3                  disp[3] = DIG_CODE[TIME[1] >> 4];
  38   3                  disp[2] = 0X00;
  39   3                  disp[1] = DIG_CODE[TIME[2] & 0x0f];
  40   3                  disp[0] = DIG_CODE[TIME[2] >> 4];
  41   3              } 
  42   2              else 
  43   2              
  44   2              {
  45   3                  // Ngay
  46   3                  disp[7] = DIG_CODE[TIME[6] & 0x0f];
  47   3                  disp[6] = DIG_CODE[TIME[5] & 0x0f];
  48   3                  disp[5] = 0X00;
  49   3                  disp[4] = DIG_CODE[TIME[4] & 0x0f];
  50   3                  disp[3] = DIG_CODE[TIME[4] >> 4];
  51   3                  disp[2] = 0X00;
  52   3                  disp[1] = DIG_CODE[TIME[3] & 0x0f];
  53   3                  disp[0] = DIG_CODE[TIME[3] >> 4];
  54   3              }
  55   2          }
C51 COMPILER V9.60.7.0   MAIN                                                              10/02/2023 09:23:56 PAGE 2   

  56   1      }
  57          
  58          void Timer0Configuration() {
  59   1          TMOD = 0X02;
  60   1          TH0 = 0X9C;
  61   1          TL0 = 0X9C;
  62   1          ET0 = 1;
  63   1          EA = 1;
  64   1          TR0 = 1;
  65   1      }
  66          
  67          void DigDisplay() interrupt 1 {
  68   1          DIG = 0;
  69   1          switch (Num) {
  70   2              case (7):
  71   2                  LSA = 0;
  72   2                  LSB = 0;
  73   2                  LSC = 0;
  74   2                  break;
  75   2              case (6):
  76   2                  LSA = 1;
  77   2                  LSB = 0;
  78   2                  LSC = 0;
  79   2                  break;
  80   2              case (5):
  81   2                  LSA = 0;
  82   2                  LSB = 1;
  83   2                  LSC = 0;
  84   2                  break;
  85   2              case (4):
  86   2                  LSA = 1;
  87   2                  LSB = 1;
  88   2                  LSC = 0;
  89   2                  break;
  90   2              case (3):
  91   2                  LSA = 0;
  92   2                  LSB = 0;
  93   2                  LSC = 1;
  94   2                  break;
  95   2              case (2):
  96   2                  LSA = 1;
  97   2                  LSB = 0;
  98   2                  LSC = 1;
  99   2                  break;
 100   2              case (1):
 101   2                  LSA = 0;
 102   2                  LSB = 1;
 103   2                  LSC = 1;
 104   2                  break;
 105   2              case (0):
 106   2                  LSA = 1;
 107   2                  LSB = 1;
 108   2                  LSC = 1;
 109   2                  break;
 110   2          }
 111   1          DIG = disp[Num];
 112   1          Num++;
 113   1          if (Num > 7)
 114   1              Num = 0;
 115   1      }


C51 COMPILER V9.60.7.0   MAIN                                                              10/02/2023 09:23:56 PAGE 3   

MODULE INFORMATION:   STATIC OVERLAYABLE
   CODE SIZE        =    330    ----
   CONSTANT SIZE    =     10    ----
   XDATA SIZE       =   ----    ----
   PDATA SIZE       =   ----    ----
   DATA SIZE        =     17    ----
   IDATA SIZE       =   ----    ----
   BIT SIZE         =      2    ----
END OF MODULE INFORMATION.


C51 COMPILATION COMPLETE.  0 WARNING(S),  0 ERROR(S)
