C51 COMPILER V9.60.7.0   BAI1                                                              09/11/2023 10:50:47 PAGE 1   


C51 COMPILER V9.60.7.0, COMPILATION OF MODULE BAI1
OBJECT MODULE PLACED IN .\Objects\bai1.obj
COMPILER INVOKED BY: C:\Keil_v5\C51\BIN\C51.EXE bai1.c OPTIMIZE(8,SPEED) BROWSE DEBUG OBJECTEXTEND PRINT(.\Listings\bai1
                    -.lst) TABS(2) OBJECT(.\Objects\bai1.obj)

line level    source

   1          #include <REGX52.h>
   2          
   3          void delay (int t) {
   4   1        while (t--);
   5   1      }
   6          
   7          int i,j,a,b;
   8          char so[] = {0x3f, 0x06,0x5b, 0x4f, 0x66,0x6d, 0x7d, 0x07,0x7f,0x6f};
   9          
  10          void main() {
  11   1      while (1) {
  12   2          for (i = 0;i<100; i++){
  13   3            a = i/10;
  14   3            b = i%10;
  15   3            for (j = 0; j < 200; j++){
  16   4              P2_2 = 1;
  17   4              P0 = so[a];
  18   4              delay(100);
  19   4              P0 = so[0];
  20   4              
  21   4              P2_2 = 0;
  22   4              P0 = so[b];
  23   4              delay(100);
  24   4              P0 = so[0];
  25   4            }
  26   3          }
  27   2        }
  28   1      }


MODULE INFORMATION:   STATIC OVERLAYABLE
   CODE SIZE        =    123    ----
   CONSTANT SIZE    =   ----    ----
   XDATA SIZE       =   ----    ----
   PDATA SIZE       =   ----    ----
   DATA SIZE        =     18    ----
   IDATA SIZE       =   ----    ----
   BIT SIZE         =   ----    ----
END OF MODULE INFORMATION.


C51 COMPILATION COMPLETE.  0 WARNING(S),  0 ERROR(S)
