C51 COMPILER V9.60.7.0   DELAY                                                             11/06/2023 08:24:50 PAGE 1   


C51 COMPILER V9.60.7.0, COMPILATION OF MODULE DELAY
OBJECT MODULE PLACED IN delay.OBJ
COMPILER INVOKED BY: C:\Keil_v5\C51\BIN\C51.EXE delay.c OPTIMIZE(8,SPEED) BROWSE DEBUG OBJECTEXTEND TABS(2)

line level    source

   1          #include <delay.h>
   2              void delay_ms(unsigned int Time)
   3          {
   4   1        unsigned int i,j;
   5   1        for(i=0;i<Time;i++)
   6   1        {
   7   2          for(j=0;j<125;j++);
   8   2        }
   9   1      }
  10          void delay_us(unsigned int Time)
  11          {
  12   1        while((--Time)!=0);
  13   1      } 


MODULE INFORMATION:   STATIC OVERLAYABLE
   CODE SIZE        =     42    ----
   CONSTANT SIZE    =   ----    ----
   XDATA SIZE       =   ----    ----
   PDATA SIZE       =   ----    ----
   DATA SIZE        =   ----    ----
   IDATA SIZE       =   ----    ----
   BIT SIZE         =   ----    ----
END OF MODULE INFORMATION.


C51 COMPILATION COMPLETE.  0 WARNING(S),  0 ERROR(S)
