C51 COMPILER V9.60.7.0   MAIN                                                              10/23/2023 16:09:03 PAGE 1   


C51 COMPILER V9.60.7.0, COMPILATION OF MODULE MAIN
OBJECT MODULE PLACED IN .\Objects\main.obj
COMPILER INVOKED BY: C:\Keil_v5\C51\BIN\C51.EXE main.c OPTIMIZE(8,SPEED) BROWSE DEBUG OBJECTEXTEND PRINT(.\Listings\main
                    -.lst) TABS(2) OBJECT(.\Objects\main.obj)

line level    source

   1          #include <at89x52.h>
   2          int led[14]={0x3f, 0x06, 0x5b, 0x4f, 0x66, 0x6d, 0x7d, 0x07, 0x7f, 0x6f, 0x39,0x70,0x40,0x40};
   3          int m,s,o,r,key;
   4          int keypad[4][4]={{0,1100,1200,1300},
   5                            {1,2,3,10},
   6                            {4,5,6,10},
   7                            {7,8,9,10},
   8                            };
   9          
  10          void delay(unsigned int
  11          ms)
  12          {
  13   1        unsigned int p,k;
  14   1        for (p=0;p<ms;p++)
  15   1          for (k=0;k<120;k++)
  16   1          {}
  17   1      }
  18          
  19          int quetphim()
  20          {
  21   1      int c, r;
  22   1      P1=0x0F;
  23   1      delay(2);
  24   1        if(P1!=0x0F)   
  25   1        {
  26   2          for(r=0;r<4;r++)                    
  27   2          {
  28   3            P1=~(0x01<<(4+r));
  29   3            delay(1);
  30   3            for(c=0;c<4;c++)         
  31   3            {
  32   4              if((P1&(0x01<<c))==0)
  33   4              {
  34   5                while((P1&(0x01<<c))==0) {};
  35   5                  P1=0x0F;
  36   5                return keypad[r][3-c]; 
  37   5            }
  38   4            }
  39   3          }
  40   2        }
  41   1      P1=0x0F;
  42   1        return 1400;
  43   1      }
  44          
  45          void hienthi(int j){
  46   1        if(j<100){
  47   2          P2=0x00;
  48   2          P0= led[j%10];
  49   2          delay(5);
  50   2          if(j>9)
  51   2          {
  52   3          P2=0x04;
  53   3          P0= led[j/10];
  54   3          delay(5);
C51 COMPILER V9.60.7.0   MAIN                                                              10/23/2023 16:09:03 PAGE 2   

  55   3          }
  56   2        }
  57   1        else if(j==1100)
  58   1        {
  59   2          P2=0x00;
  60   2          P0= led[11];
  61   2          delay(5);
  62   2          P2=0x04;
  63   2          P0= led[12];
  64   2          delay(5);
  65   2        }
  66   1        else if(j==1200)
  67   1        {
  68   2          P2=0x00;
  69   2          P0= led[12];
  70   2          delay(5);
  71   2        }
  72   1      }
  73          
  74          void main(){
  75   1        int z=0;
  76   1         m=0;s=0; o=0;
  77   1        while(1){
  78   2          key=quetphim();
  79   2            if (key<1400)
  80   2            {
  81   3              if(key == 1300) 
  82   3              {
  83   4                if(z==0)
  84   4                  s=s+o;
  85   4                else 
  86   4                  s=s-o;
  87   4                while(P1==0x0F)
  88   4                {
  89   5                  hienthi(s);
  90   5                }
  91   4                o=0;
  92   4              }
  93   3              else if(key<10) 
  94   3              {
  95   4                o=o*10+key;
  96   4                while(P1==0x0F)
  97   4                {
  98   5                  hienthi(o);
  99   5                }
 100   4              }
 101   3              else if (key==1100) 
 102   3              {
 103   4                while(P1==0x0F)
 104   4                {
 105   5                  hienthi(key);
 106   5                }
 107   4                s=s+o;
 108   4                z=0;
 109   4                o=0;
 110   4              }
 111   3              else if (key==1200) 
 112   3              {
 113   4                  while(P1==0x0F)
 114   4                {
 115   5                  hienthi(key);
 116   5                }
C51 COMPILER V9.60.7.0   MAIN                                                              10/23/2023 16:09:03 PAGE 3   

 117   4                s=s+o;
 118   4                z=1;
 119   4                o=0;
 120   4              }
 121   3            }
 122   2        }
 123   1      }


MODULE INFORMATION:   STATIC OVERLAYABLE
   CODE SIZE        =    579    ----
   CONSTANT SIZE    =   ----    ----
   XDATA SIZE       =   ----    ----
   PDATA SIZE       =   ----    ----
   DATA SIZE        =     70       4
   IDATA SIZE       =   ----    ----
   BIT SIZE         =   ----    ----
END OF MODULE INFORMATION.


C51 COMPILATION COMPLETE.  0 WARNING(S),  0 ERROR(S)
